<?xml version="1.0" encoding="UTF-8"?>
<!-- Generated by org.testng.reporters.JUnitReportReporter -->
<testsuite hostname="DESKTOP-NQ2L7NS" failures="1" tests="1" name="Runner.RunTest" time="10.282" errors="0" timestamp="31 May 2023 06:42:01 GMT" skipped="0">
  <testcase classname="Runner.RunTest" name="runScenario" time="10.282">
    <failure message="expected [(20+) Facebook] but found [Facebook]" type="java.lang.AssertionError">
      <![CDATA[java.lang.AssertionError: expected [(20+) Facebook] but found [Facebook]
at org.testng.Assert.fail(Assert.java:96)
at org.testng.Assert.failNotEquals(Assert.java:776)
at org.testng.Assert.assertEqualsImpl(Assert.java:137)
at org.testng.Assert.assertEquals(Assert.java:118)
at org.testng.Assert.assertEquals(Assert.java:453)
at org.testng.Assert.assertEquals(Assert.java:463)
at StepDefinition.Facebook.home_page_is_displayed(Facebook.java:51)
at âœ½.home page is displayed(file:///C:/Users/HP/eclipse-workspace/Cucumber/./src/test/resources/Features/Login.feature:8)
]]>
    </failure>
  </testcase> <!-- runScenario -->
</testsuite> <!-- Runner.RunTest -->
