<?xml version="1.0" encoding="UTF-8"?>
<!-- Generated by org.testng.reporters.JUnitReportReporter -->
<testsuite hostname="DESKTOP-NQ2L7NS" failures="1" tests="2" name="Runner.Facebook_TestRun" time="13.615" errors="0" timestamp="22 Jun 2023 11:23:22 GMT" skipped="0">
  <testcase classname="Runner.Facebook_TestRun" name="runScenario" time="4.030">
    <failure message="expected [Facebook] but found [Log in to Facebook]" type="java.lang.AssertionError">
      <![CDATA[java.lang.AssertionError: expected [Facebook] but found [Log in to Facebook]
at org.testng.Assert.fail(Assert.java:96)
at org.testng.Assert.failNotEquals(Assert.java:776)
at org.testng.Assert.assertEqualsImpl(Assert.java:137)
at org.testng.Assert.assertEquals(Assert.java:118)
at org.testng.Assert.assertEquals(Assert.java:453)
at org.testng.Assert.assertEquals(Assert.java:463)
at StepDefinition.Facebook.home_page_is_displayed(Facebook.java:51)
at âœ½.home page is displayed(file:///C:/Users/HP/eclipse-workspace/Cucumber/./src/test/resources/Facebook_Features/login.feature:8)
]]>
    </failure>
  </testcase> <!-- runScenario -->
  <testcase classname="Runner.Facebook_TestRun" name="runScenario" time="9.585"/>
</testsuite> <!-- Runner.Facebook_TestRun -->
